<?xml version="1.0" encoding="UTF-8"?>
<!-- Generated by org.testng.reporters.JUnitReportReporter -->
<testsuite hostname="LAPTOP-C5G5HCRT" failures="0" tests="6" name="testNhanVien.testNhanVienDaoUpdate" time="2.028" errors="0" timestamp="2023-08-09T02:05:41 ICT" skipped="0">
  <testcase classname="testNhanVien.testNhanVienDaoUpdate" name="testCheckInsertNV" time="0.036"/>
  <testcase classname="testNhanVien.testNhanVienDaoUpdate" name="testCheckInsertNV" time="0.031"/>
  <testcase classname="testNhanVien.testNhanVienDaoUpdate" name="testCheckInsertNV" time="0.031"/>
  <testcase classname="testNhanVien.testNhanVienDaoUpdate" name="testCheckInsertNV" time="1.850"/>
  <testcase classname="testNhanVien.testNhanVienDaoUpdate" name="testCheckInsertNV" time="0.038"/>
  <testcase classname="testNhanVien.testNhanVienDaoUpdate" name="testCheckInsertNV" time="0.042"/>
</testsuite> <!-- testNhanVien.testNhanVienDaoUpdate -->
