<?xml version="1.0" encoding="UTF-8"?>
<!-- Generated by org.testng.reporters.JUnitReportReporter -->
<testsuite hostname="LAPTOP-C5G5HCRT" failures="0" tests="5" name="com.poly.testlogin.logintest" time="1.425" errors="0" timestamp="2023-08-09T17:17:15 ICT" skipped="0">
  <testcase classname="com.poly.testlogin.logintest" name="testdangnhapthanhcong" time="1.136"/>
  <testcase classname="com.poly.testlogin.logintest" name="testdangnhapsaimanv" time="0.038"/>
  <testcase classname="com.poly.testlogin.logintest" name="testThemNhanVienThanhCong" time="0.103"/>
  <testcase classname="com.poly.testlogin.logintest" name="testDoiMatKhauDungManv" time="0.089"/>
  <testcase classname="com.poly.testlogin.logintest" name="testDoiMatKhauSaiManv" time="0.059"/>
</testsuite> <!-- com.poly.testlogin.logintest -->
