<?xml version="1.0" encoding="UTF-8"?>
<!-- Generated by org.testng.reporters.JUnitReportReporter -->
<testsuite hostname="TRIEUNE" failures="0" tests="4" name="com.poly.testThongKe" time="3.591" errors="0" timestamp="2023-08-07T16:55:13 ICT" skipped="0">
  <testcase classname="com.poly.testThongKe" name="TestThangDung" time="0.509"/>
  <testcase classname="com.poly.testThongKe" name="TestThangBeHon1" time="1.547"/>
  <testcase classname="com.poly.testThongKe" name="TestThangLonHon12" time="0.776"/>
  <testcase classname="com.poly.testThongKe" name="TestThangKhongPhaiSo" time="0.759"/>
</testsuite> <!-- com.poly.testThongKe -->
