<?xml version="1.0" encoding="UTF-8"?>
<!-- Generated by org.testng.reporters.JUnitReportReporter -->
<testsuite hostname="LAPTOP-C5G5HCRT" failures="0" tests="6" name="com.poly.testNhanVien.testNhanVienDao" time="1.293" errors="0" timestamp="2023-08-09T17:16:41 ICT" skipped="0">
  <testcase classname="com.poly.testNhanVien.testNhanVienDao" name="testInsert" time="0.037"/>
  <testcase classname="com.poly.testNhanVien.testNhanVienDao" name="testInsert" time="1.103"/>
  <testcase classname="com.poly.testNhanVien.testNhanVienDao" name="testInsert" time="0.039"/>
  <testcase classname="com.poly.testNhanVien.testNhanVienDao" name="testInsert" time="0.039"/>
  <testcase classname="com.poly.testNhanVien.testNhanVienDao" name="testInsert" time="0.039"/>
  <testcase classname="com.poly.testNhanVien.testNhanVienDao" name="testInsert" time="0.036"/>
</testsuite> <!-- com.poly.testNhanVien.testNhanVienDao -->
