<?xml version="1.0" encoding="UTF-8"?>
<!-- Generated by org.testng.reporters.JUnitReportReporter -->
<testsuite hostname="LAPTOP-C5G5HCRT" failures="0" tests="4" name="testNhanVien.testDanhMucDaoUpdate" time="1.665" errors="0" timestamp="2023-08-09T03:00:47 ICT" skipped="0">
  <testcase classname="testNhanVien.testDanhMucDaoUpdate" name="testcheckUpdateDM" time="0.049"/>
  <testcase classname="testNhanVien.testDanhMucDaoUpdate" name="testcheckUpdateDM" time="0.050"/>
  <testcase classname="testNhanVien.testDanhMucDaoUpdate" name="testcheckUpdateDM" time="1.500"/>
  <testcase classname="testNhanVien.testDanhMucDaoUpdate" name="timTenDM" time="0.066"/>
</testsuite> <!-- testNhanVien.testDanhMucDaoUpdate -->
