<?xml version="1.0" encoding="UTF-8"?>
<!-- Generated by org.testng.reporters.JUnitReportReporter -->
<testsuite hostname="LAPTOP-C5G5HCRT" failures="0" tests="3" name="testNhanViet.TestNhanVienDAO" time="4.889" errors="0" timestamp="2023-08-08T18:32:37 ICT" skipped="0">
  <testcase classname="testNhanViet.TestNhanVienDAO" name="testDoiThongTinNhanVien" time="4.192"/>
  <testcase classname="testNhanViet.TestNhanVienDAO" name="testDoiThongTinNhanVien" time="0.480"/>
  <testcase classname="testNhanViet.TestNhanVienDAO" name="testXoaNhanVien" time="0.217"/>
</testsuite> <!-- testNhanViet.TestNhanVienDAO -->
