<?xml version="1.0" encoding="UTF-8"?>
<!-- Generated by org.testng.reporters.JUnitReportReporter -->
<testsuite hostname="DESKTOP-NA2KPSN" failures="0" tests="3" name="com.poly.HoaDonTestNG" time="0.785" errors="0" timestamp="2023-04-14T09:08:51 ICT" skipped="0">
  <testcase classname="com.poly.HoaDonTestNG" name="selectAllTest" time="0.746"/>
  <system-out/>
  <testcase classname="com.poly.HoaDonTestNG" name="TimKiemHoaDonTheoMaTestNG" time="0.022"/>
  <system-out/>
  <testcase classname="com.poly.HoaDonTestNG" name="TimKiemHoaDonTheoMaTestNG2" time="0.017"/>
  <system-out/>
</testsuite> <!-- com.poly.HoaDonTestNG -->
