<?xml version="1.0" encoding="UTF-8"?>
<!-- Generated by org.testng.reporters.JUnitReportReporter -->
<testsuite hostname="LAPTOP-C5G5HCRT" failures="0" tests="2" name="testNhanVien.testDanhMucDaoDelete" time="1.402" errors="0" timestamp="2023-08-09T03:25:07 ICT" skipped="0">
  <testcase classname="testNhanVien.testDanhMucDaoDelete" name="testCheckDelete" time="1.357"/>
  <testcase classname="testNhanVien.testDanhMucDaoDelete" name="testCheckDelete" time="0.045"/>
</testsuite> <!-- testNhanVien.testDanhMucDaoDelete -->
