<?xml version="1.0" encoding="UTF-8"?>
<!-- Generated by org.testng.reporters.JUnitReportReporter -->
<testsuite hostname="LAPTOP-C5G5HCRT" failures="0" tests="4" name="testNhanVien.testDanhMucDao" time="1.611" errors="0" timestamp="2023-08-09T02:58:10 ICT" skipped="0">
  <testcase classname="testNhanVien.testDanhMucDao" name="testCheckInsertDM" time="0.068"/>
  <testcase classname="testNhanVien.testDanhMucDao" name="testCheckInsertDM" time="0.051"/>
  <testcase classname="testNhanVien.testDanhMucDao" name="testCheckInsertDM" time="1.435"/>
  <testcase classname="testNhanVien.testDanhMucDao" name="timTenDM" time="0.057"/>
</testsuite> <!-- testNhanVien.testDanhMucDao -->
