<?xml version="1.0" encoding="UTF-8"?>
<!-- Generated by org.testng.reporters.JUnitReportReporter -->
<testsuite hostname="LAPTOP-C5G5HCRT" failures="0" tests="2" name="testNhanViet.TestNhanVien" time="0.080" errors="0" timestamp="2023-08-08T18:34:28 ICT" skipped="0">
  <testcase classname="testNhanViet.TestNhanVien" name="testValidateFormWithEmptyFields" time="0.032"/>
  <testcase classname="testNhanViet.TestNhanVien" name="testValidateFormWithNonEmptyFields" time="0.048"/>
</testsuite> <!-- testNhanViet.TestNhanVien -->
