<?xml version="1.0" encoding="UTF-8"?>
<!-- Generated by org.testng.reporters.JUnitReportReporter -->
<testsuite hostname="DESKTOP-NA2KPSN" failures="0" tests="3" name="com.poly.SanPhamTest" time="0.493" errors="0" timestamp="2023-07-16T04:40:19 ICT" skipped="0">
  <testcase classname="com.poly.SanPhamTest" name="selectAllTest" time="0.454"/>
  <testcase classname="com.poly.SanPhamTest" name="selectAllTest2" time="0.020"/>
  <testcase classname="com.poly.SanPhamTest" name="TimKiemSanPhamTheoMaTestNG" time="0.019"/>
</testsuite> <!-- com.poly.SanPhamTest -->
