<?xml version="1.0" encoding="UTF-8"?>
<!-- Generated by org.testng.reporters.JUnitReportReporter -->
<testsuite hostname="LAPTOP-C5G5HCRT" failures="0" tests="6" name="testNhanVien.testNhanVienDao" time="2.840" errors="0" timestamp="2023-08-09T16:43:07 ICT" skipped="0">
  <testcase classname="testNhanVien.testNhanVienDao" name="testInsert" time="0.044"/>
  <testcase classname="testNhanVien.testNhanVienDao" name="testInsert" time="2.602"/>
  <testcase classname="testNhanVien.testNhanVienDao" name="testInsert" time="0.067"/>
  <testcase classname="testNhanVien.testNhanVienDao" name="testInsert" time="0.046"/>
  <testcase classname="testNhanVien.testNhanVienDao" name="testInsert" time="0.047"/>
  <testcase classname="testNhanVien.testNhanVienDao" name="testInsert" time="0.034"/>
</testsuite> <!-- testNhanVien.testNhanVienDao -->
