<?xml version="1.0" encoding="UTF-8"?>
<!-- Generated by org.testng.reporters.JUnitReportReporter -->
<testsuite hostname="LAPTOP-C5G5HCRT" failures="0" tests="1" name="testNhanVien.TestNhanVien" time="0.091" errors="0" timestamp="2023-08-08T20:01:38 ICT" skipped="0">
  <testcase classname="testNhanVien.TestNhanVien" name="testValidateFormWithNonEmptyFields" time="0.091"/>
</testsuite> <!-- testNhanVien.TestNhanVien -->
