<?xml version="1.0" encoding="UTF-8"?>
<!-- Generated by org.testng.reporters.JUnitReportReporter -->
<testsuite hostname="LAPTOP-BME8TUO7" failures="0" tests="3" name="com.poly.KhachHangTestNG" time="0.452" errors="0" timestamp="2023-04-10T22:19:24 ICT" skipped="0">
  <testcase classname="com.poly.KhachHangTestNG" name="selectAllTest" time="0.407"/>
  <system-out/>
  <testcase classname="com.poly.KhachHangTestNG" name="TimKiemKhachHangTheoTenTestNG" time="0.024"/>
  <system-out/>
  <testcase classname="com.poly.KhachHangTestNG" name="TimKiemKhachHangTheoMaTestNG" time="0.021"/>
  <system-out/>
</testsuite> <!-- com.poly.KhachHangTestNG -->
