<?xml version="1.0" encoding="UTF-8"?>
<!-- Generated by org.testng.reporters.JUnitReportReporter -->
<testsuite hostname="LAPTOP-C5G5HCRT" failures="0" tests="2" name="testNhanVien.testNhanVienDelete" time="0.988" errors="0" timestamp="2023-08-09T03:32:23 ICT" skipped="0">
  <testcase classname="testNhanVien.testNhanVienDelete" name="testCheckDelete" time="0.940"/>
  <testcase classname="testNhanVien.testNhanVienDelete" name="testCheckDelete" time="0.048"/>
</testsuite> <!-- testNhanVien.testNhanVienDelete -->
